<?xml version="1.0" encoding="UTF-8"?>
<testsuite name="com.javacloud.codewar.ObserverPINGeneratorTest" tests="1" skipped="0" failures="0" errors="0" timestamp="2019-09-02T02:43:06" hostname="CNyicai.huang" time="0.01">
  <properties/>
  <testcase name="shouldGetOneLengthListHave4BitPIN_whenCallGetPIN" classname="com.javacloud.codewar.ObserverPINGeneratorTest" time="0.01"/>
  <system-out><![CDATA[]]></system-out>
  <system-err><![CDATA[]]></system-err>
</testsuite>
